2024-05-16T10:16:35.944Z In(05) vmx Log for VMware Workstation pid=12400 version=17.5.1 build=build-23298084 option=Release
2024-05-16T10:16:35.944Z In(05) vmx The host is x86_64.
2024-05-16T10:16:35.944Z In(05) vmx Host codepage=windows-1254 encoding=windows-1254
2024-05-16T10:16:35.944Z In(05) vmx Host is Windows 11 Home, 64-bit (Build 22631.3593)
2024-05-16T10:16:35.944Z In(05) vmx Host offset from UTC is -03:00.
2024-05-16T10:16:35.926Z In(05) vmx VTHREAD 7572 "vmx"
2024-05-16T10:16:35.928Z In(05) vmx LOCALE windows-1254 -> NULL User=41f System=41f
2024-05-16T10:16:35.928Z In(05) vmx Msg_SetLocaleEx: HostLocale=windows-1254 UserLocale=NULL
2024-05-16T10:16:35.933Z In(05) vmx DictionaryLoad: Cannot open file "C:\Users\Asus\AppData\Roaming\VMware\config.ini": Unknown error 2 (0x2).
2024-05-16T10:16:35.933Z In(05) vmx Msg_Reset:
2024-05-16T10:16:35.933Z In(05) vmx [msg.dictionary.load.openFailed] Cannot open file "C:\Users\Asus\AppData\Roaming\VMware\config.ini": Unknown error 2 (0x2).
2024-05-16T10:16:35.933Z In(05) vmx ----------------------------------------
2024-05-16T10:16:35.933Z In(05) vmx ConfigDB: Failed to load C:\Users\Asus\AppData\Roaming\VMware\config.ini
2024-05-16T10:16:35.934Z In(05) vmx Win32U_GetFileAttributes: GetFileAttributesExW("C:\Users\Asus\Desktop\Kioptix Level 1\Kioptix Level 1.vmpl", ...) failed, error: 2
2024-05-16T10:16:35.934Z In(05) vmx OBJLIB-LIB: Objlib initialized.
2024-05-16T10:16:35.935Z In(05) vmx DictionaryLoad: Cannot open file "C:\Users\Asus\AppData\Roaming\VMware\config.ini": Unknown error 2 (0x2).
2024-05-16T10:16:35.935Z In(05) vmx [msg.dictionary.load.openFailed] Cannot open file "C:\Users\Asus\AppData\Roaming\VMware\config.ini": Unknown error 2 (0x2).
2024-05-16T10:16:35.935Z In(05) vmx PREF Optional preferences file not found at C:\Users\Asus\AppData\Roaming\VMware\config.ini. Using default values.
2024-05-16T10:16:35.938Z In(05) vmx SSL Error: error:80000002:system library::No such file or directory
2024-05-16T10:16:35.938Z In(05) vmx SSL Error: error:10000080:BIO routines::no such file
2024-05-16T10:16:35.938Z In(05) vmx SSL Error: error:07000072:configuration file routines::no such file
2024-05-16T10:16:35.938Z Wa(03) vmx SSLConfigLoad: Failed to load OpenSSL config file.
2024-05-16T10:16:35.940Z In(05) vmx lib/ssl: OpenSSL using default provider
2024-05-16T10:16:35.941Z In(05) vmx lib/ssl: Client usage
2024-05-16T10:16:35.941Z In(05) vmx lib/ssl: protocol list tls1.2
2024-05-16T10:16:35.941Z In(05) vmx lib/ssl: protocol min 0x303 max 0x303
2024-05-16T10:16:35.941Z In(05) vmx lib/ssl: protocol list tls1.2 (openssl flags 0x36000000)
2024-05-16T10:16:35.941Z In(05) vmx lib/ssl: cipher list ECDHE+AESGCM:RSA+AESGCM:ECDHE+AES:RSA+AES
2024-05-16T10:16:35.941Z In(05) vmx lib/ssl: cipher suites TLS_AES_128_GCM_SHA256:TLS_AES_256_GCM_SHA384
2024-05-16T10:16:35.941Z In(05) vmx lib/ssl: curves list prime256v1:secp384r1:secp521r1
2024-05-16T10:16:35.941Z In(05) vmx lib/ssl: Server usage
2024-05-16T10:16:35.941Z In(05) vmx lib/ssl: protocol list tls1.2
2024-05-16T10:16:35.941Z In(05) vmx lib/ssl: protocol min 0x303 max 0x303
2024-05-16T10:16:35.941Z In(05) vmx lib/ssl: protocol list tls1.2 (openssl flags 0x36000000)
2024-05-16T10:16:35.941Z In(05) vmx lib/ssl: cipher list ECDHE+AESGCM:RSA+AESGCM:ECDHE+AES:RSA+AES
2024-05-16T10:16:35.941Z In(05) vmx lib/ssl: cipher suites TLS_AES_128_GCM_SHA256:TLS_AES_256_GCM_SHA384
2024-05-16T10:16:35.941Z In(05) vmx lib/ssl: curves list prime256v1:secp384r1:secp521r1
2024-05-16T10:16:35.947Z In(05) vmx Hostname=DESKTOP-PQUJT9N
2024-05-16T10:16:35.950Z In(05) vmx IP=fe80::ad91:ab78:f45d:61f5%13
2024-05-16T10:16:35.950Z In(05) vmx IP=fe80::25c9:8be2:2415:ca7a%6
2024-05-16T10:16:35.950Z In(05) vmx IP=fe80::47d7:faf7:8a1b:4be0%19
2024-05-16T10:16:35.950Z In(05) vmx IP=fe80::a1f1:e05e:bfb7:3bf2%9
2024-05-16T10:16:35.950Z In(05) vmx IP=fe80::3873:7a51:434b:5652%18
2024-05-16T10:16:35.950Z In(05) vmx IP=fe80::1f49:341b:b5f:5c82%12
2024-05-16T10:16:35.950Z In(05) vmx IP=fe80::9fc2:cc83:30ff:36c3%8
2024-05-16T10:16:35.950Z In(05) vmx IP=192.168.58.1
2024-05-16T10:16:35.951Z In(05) vmx IP=192.168.77.1
2024-05-16T10:16:35.951Z In(05) vmx IP=192.168.222.1
2024-05-16T10:16:35.951Z In(05) vmx IP=192.168.141.1
2024-05-16T10:16:35.951Z In(05) vmx IP=192.168.118.1
2024-05-16T10:16:35.951Z In(05) vmx IP=192.168.88.1
2024-05-16T10:16:35.951Z In(05) vmx IP=192.168.43.232
2024-05-16T10:16:35.973Z In(05) vmx System uptime 64141586028 us
2024-05-16T10:16:35.973Z In(05) vmx Command line: "C:\Program Files (x86)\VMware\VMware Workstation\x64\vmware-vmx.exe" "-T" "querytoken" "-s" "vmx.stdio.keep=TRUE" "-#" "product=1;name=VMware Workstation;version=17.5.1;buildnumber=23298084;licensename=VMware Workstation;licenseversion=17.0;" "-@" "pipe=\\.\pipe\vmx6c3d3d47a32975d9;msgs=ui" "C:\Users\Asus\Desktop\Kioptix Level 1\Kioptix Level 1.vmx"
2024-05-16T10:16:35.973Z In(05) vmx Msg_SetLocaleEx: HostLocale=windows-1254 UserLocale=NULL
2024-05-16T10:16:36.002Z In(05) vmx WQPoolAllocPoll : pollIx = 1, signalHandle = 776
2024-05-16T10:16:36.002Z In(05) vmx WQPoolAllocPoll : pollIx = 2, signalHandle = 768
2024-05-16T10:16:36.002Z In(05) vmx VigorTransport listening on fd 852
2024-05-16T10:16:36.002Z In(05) vmx Vigor_Init 1
2024-05-16T10:16:36.002Z In(05) vmx Connecting 'ui' to pipe '\\.\pipe\vmx6c3d3d47a32975d9' with user '(null)'
2024-05-16T10:16:36.003Z In(05) vmx VMXVmdb: Local connection timeout: 60000 ms.
2024-05-16T10:16:36.004Z In(05) vmx VmdbAddConnection: cnxPath=/db/connection/#1/, cnxIx=1
2024-05-16T10:16:36.004Z In(05) vmx Vix: [mainDispatch.c:488]: VMAutomation: Initializing VMAutomation.
2024-05-16T10:16:36.004Z In(05) vmx Vix: [mainDispatch.c:740]: VMAutomationOpenListenerSocket() listening
2024-05-16T10:16:36.010Z In(05) vmx Vix: [mainDispatch.c:4212]: VMAutomation_ReportPowerOpFinished: statevar=0, newAppState=1870, success=1 additionalError=0
2024-05-16T10:16:36.010Z In(05) vmx Transitioned vmx/execState/val to poweredOff
2024-05-16T10:16:36.010Z In(05) vmx Vix: [mainDispatch.c:4212]: VMAutomation_ReportPowerOpFinished: statevar=1, newAppState=1873, success=1 additionalError=0
2024-05-16T10:16:36.010Z In(05) vmx Vix: [mainDispatch.c:4212]: VMAutomation_ReportPowerOpFinished: statevar=2, newAppState=1877, success=1 additionalError=0
2024-05-16T10:16:36.010Z In(05) vmx Vix: [mainDispatch.c:4212]: VMAutomation_ReportPowerOpFinished: statevar=3, newAppState=1881, success=1 additionalError=0
2024-05-16T10:16:36.072Z In(05) vmx IOPL_VBSRunning: VBS is set to 0
2024-05-16T10:16:36.073Z In(05) vmx IOCTL_VMX86_SET_MEMORY_PARAMS already set
2024-05-16T10:16:36.073Z In(05) vmx FeatureCompat: No EVC masks.
2024-05-16T10:16:36.128Z In(05) vmx hostCPUID vendor: GenuineIntel
2024-05-16T10:16:36.128Z In(05) vmx hostCPUID family: 0x6 model: 0x9a stepping: 0x4
2024-05-16T10:16:36.128Z In(05) vmx hostCPUID codename: Alder Lake-P
2024-05-16T10:16:36.128Z In(05) vmx hostCPUID name: 12th Gen Intel(R) Core(TM) i5-1235U
2024-05-16T10:16:36.128Z In(05) vmx hostCPUID level 00000000, 0: 0x00000020 0x756e6547 0x6c65746e 0x49656e69
2024-05-16T10:16:36.128Z In(05) vmx hostCPUID level 00000001, 0: 0x000906a4 0x00400800 0x7ffafbff 0xbfebfbff
2024-05-16T10:16:36.128Z In(05) vmx hostCPUID level 00000002, 0: 0x00feff01 0x000000f0 0x00000000 0x00000000
2024-05-16T10:16:36.128Z In(05) vmx hostCPUID level 00000003, 0: 0x00000000 0x00000000 0x00000000 0x00000000
2024-05-16T10:16:36.128Z In(05) vmx hostCPUID level 00000004, 0: 0x7c004121 0x02c0003f 0x0000003f 0x00000000
2024-05-16T10:16:36.128Z In(05) vmx hostCPUID level 00000004, 1: 0x7c004122 0x01c0003f 0x0000003f 0x00000000
2024-05-16T10:16:36.128Z In(05) vmx hostCPUID level 00000004, 2: 0x7c01c143 0x0240003f 0x000007ff 0x00000000
2024-05-16T10:16:36.128Z In(05) vmx hostCPUID level 00000004, 3: 0x7c0fc163 0x02c0003f 0x00003fff 0x00000004
2024-05-16T10:16:36.128Z In(05) vmx hostCPUID level 00000004, 4: 0x00000000 0x00000000 0x00000000 0x00000000
2024-05-16T10:16:36.128Z In(05) vmx hostCPUID level 00000005, 0: 0x00000040 0x00000040 0x00000003 0x10102020
2024-05-16T10:16:36.128Z In(05) vmx hostCPUID level 00000006, 0: 0x00df8ff7 0x00000002 0x00000409 0x00000003
2024-05-16T10:16:36.128Z In(05) vmx hostCPUID level 00000007, 0: 0x00000002 0x239c27eb 0x984007ac 0xfc18c410
2024-05-16T10:16:36.128Z In(05) vmx hostCPUID level 00000007, 1: 0x00400810 0x00000000 0x00000000 0x00000000
2024-05-16T10:16:36.128Z In(05) vmx hostCPUID level 00000007, 2: 0x00000000 0x00000000 0x00000000 0x00000017
2024-05-16T10:16:36.128Z In(05) vmx hostCPUID level 00000008, 0: 0x00000000 0x00000000 0x00000000 0x00000000
2024-05-16T10:16:36.128Z In(05) vmx hostCPUID level 00000009, 0: 0x00000000 0x00000000 0x00000000 0x00000000
2024-05-16T10:16:36.128Z In(05) vmx hostCPUID level 0000000a, 0: 0x07300605 0x00000000 0x00000007 0x00008603
2024-05-16T10:16:36.128Z In(05) vmx hostCPUID level 0000000b, 0: 0x00000001 0x00000002 0x00000100 0x00000000
2024-05-16T10:16:36.128Z In(05) vmx hostCPUID level 0000000b, 1: 0x00000006 0x0000000c 0x00000201 0x00000000
2024-05-16T10:16:36.128Z In(05) vmx hostCPUID level 0000000b, 2: 0x00000000 0x00000000 0x00000002 0x00000000
2024-05-16T10:16:36.128Z In(05) vmx hostCPUID level 0000000c, 0: 0x00000000 0x00000000 0x00000000 0x00000000
2024-05-16T10:16:36.128Z In(05) vmx hostCPUID level 0000000d, 0: 0x00000207 0x00000340 0x00000a88 0x00000000
2024-05-16T10:16:36.128Z In(05) vmx hostCPUID level 0000000d, 1: 0x0000000f 0x000003d0 0x00019900 0x00000000
2024-05-16T10:16:36.128Z In(05) vmx hostCPUID level 0000000d, 2: 0x00000100 0x00000240 0x00000000 0x00000000
2024-05-16T10:16:36.128Z In(05) vmx hostCPUID level 0000000d, 3: 0x00000000 0x00000000 0x00000000 0x00000000
2024-05-16T10:16:36.128Z In(05) vmx hostCPUID level 0000000d, 4: 0x00000000 0x00000000 0x00000000 0x00000000
2024-05-16T10:16:36.128Z In(05) vmx hostCPUID level 0000000d, 5: 0x00000000 0x00000000 0x00000000 0x00000000
2024-05-16T10:16:36.128Z In(05) vmx hostCPUID level 0000000d, 6: 0x00000000 0x00000000 0x00000000 0x00000000
2024-05-16T10:16:36.128Z In(05) vmx hostCPUID level 0000000d, 7: 0x00000000 0x00000000 0x00000000 0x00000000
2024-05-16T10:16:36.128Z In(05) vmx hostCPUID level 0000000d, 8: 0x00000080 0x00000000 0x00000001 0x00000000
2024-05-16T10:16:36.128Z In(05) vmx hostCPUID level 0000000d, 9: 0x00000008 0x00000a80 0x00000000 0x00000000
2024-05-16T10:16:36.128Z In(05) vmx hostCPUID level 0000000d, a: 0x00000000 0x00000000 0x00000000 0x00000000
2024-05-16T10:16:36.128Z In(05) vmx hostCPUID level 0000000d, b: 0x00000010 0x00000000 0x00000001 0x00000000
2024-05-16T10:16:36.128Z In(05) vmx hostCPUID level 0000000d, c: 0x00000018 0x00000000 0x00000001 0x00000000
2024-05-16T10:16:36.128Z In(05) vmx hostCPUID level 0000000d, d: 0x00000000 0x00000000 0x00000000 0x00000000
2024-05-16T10:16:36.128Z In(05) vmx hostCPUID level 0000000d, e: 0x00000000 0x00000000 0x00000000 0x00000000
2024-05-16T10:16:36.128Z In(05) vmx hostCPUID level 0000000d, f: 0x00000328 0x00000000 0x00000001 0x00000000
2024-05-16T10:16:36.128Z In(05) vmx hostCPUID level 0000000d, 10: 0x00000008 0x00000000 0x00000001 0x00000000
2024-05-16T10:16:36.128Z In(05) vmx hostCPUID level 0000000e, 0: 0x00000000 0x00000000 0x00000000 0x00000000
2024-05-16T10:16:36.128Z In(05) vmx hostCPUID level 0000000f, 0: 0x00000000 0x00000000 0x00000000 0x00000000
2024-05-16T10:16:36.128Z In(05) vmx hostCPUID level 0000000f, 1: 0x00000000 0x00000000 0x00000000 0x00000000
2024-05-16T10:16:36.128Z In(05) vmx hostCPUID level 00000010, 0: 0x00000000 0x00000000 0x00000000 0x00000000
2024-05-16T10:16:36.128Z In(05) vmx hostCPUID level 00000010, 1: 0x00000000 0x00000000 0x00000000 0x00000000
2024-05-16T10:16:36.128Z In(05) vmx hostCPUID level 00000010, 2: 0x00000000 0x00000000 0x00000000 0x00000000
2024-05-16T10:16:36.128Z In(05) vmx hostCPUID level 00000010, 3: 0x00000000 0x00000000 0x00000000 0x00000000
2024-05-16T10:16:36.128Z In(05) vmx hostCPUID level 00000011, 0: 0x00000000 0x00000000 0x00000000 0x00000000
2024-05-16T10:16:36.128Z In(05) vmx hostCPUID level 00000012, 0: 0x00000000 0x00000000 0x00000000 0x00000000
2024-05-16T10:16:36.128Z In(05) vmx hostCPUID level 00000012, 1: 0x00000000 0x00000000 0x00000000 0x00000000
2024-05-16T10:16:36.128Z In(05) vmx hostCPUID level 00000012, 2: 0x00000000 0x00000000 0x00000000 0x00000000
2024-05-16T10:16:36.128Z In(05) vmx hostCPUID level 00000012, 3: 0x00000000 0x00000000 0x00000000 0x00000000
2024-05-16T10:16:36.128Z In(05) vmx hostCPUID level 00000013, 0: 0x00000000 0x00000000 0x00000000 0x00000000
2024-05-16T10:16:36.128Z In(05) vmx hostCPUID level 00000014, 0: 0x00000001 0x0000005f 0x00000007 0x00000000
2024-05-16T10:16:36.128Z In(05) vmx hostCPUID level 00000014, 1: 0x02490002 0x003f003f 0x00000000 0x00000000
2024-05-16T10:16:36.128Z In(05) vmx hostCPUID level 00000015, 0: 0x00000002 0x00000082 0x0249f000 0x00000000
2024-05-16T10:16:36.128Z In(05) vmx hostCPUID level 00000016, 0: 0x000009c4 0x00001130 0x00000064 0x00000000
2024-05-16T10:16:36.128Z In(05) vmx hostCPUID level 00000017, 0: 0x00000000 0x00000000 0x00000000 0x00000000
2024-05-16T10:16:36.128Z In(05) vmx hostCPUID level 00000018, 0: 0x00000008 0x00000000 0x00000000 0x00000000
2024-05-16T10:16:36.128Z In(05) vmx hostCPUID level 00000018, 1: 0x00000000 0x00080001 0x00000020 0x00004022
2024-05-16T10:16:36.128Z In(05) vmx hostCPUID level 00000018, 2: 0x00000000 0x00080006 0x00000004 0x00004022
2024-05-16T10:16:36.128Z In(05) vmx hostCPUID level 00000018, 3: 0x00000000 0x0010000f 0x00000001 0x00004125
2024-05-16T10:16:36.128Z In(05) vmx hostCPUID level 00000018, 4: 0x00000000 0x00040001 0x00000010 0x00004024
2024-05-16T10:16:36.128Z In(05) vmx hostCPUID level 00000018, 5: 0x00000000 0x00040006 0x00000008 0x00004024
2024-05-16T10:16:36.128Z In(05) vmx hostCPUID level 00000018, 6: 0x00000000 0x00080008 0x00000001 0x00004124
2024-05-16T10:16:36.128Z In(05) vmx hostCPUID level 00000018, 7: 0x00000000 0x00080007 0x00000080 0x00004043
2024-05-16T10:16:36.128Z In(05) vmx hostCPUID level 00000018, 8: 0x00000000 0x00080009 0x00000080 0x00004043
2024-05-16T10:16:36.128Z In(05) vmx hostCPUID level 00000019, 0: 0x00000000 0x00000000 0x00000000 0x00000000
2024-05-16T10:16:36.128Z In(05) vmx hostCPUID level 0000001a, 0: 0x40000001 0x00000000 0x00000000 0x00000000
2024-05-16T10:16:36.128Z In(05) vmx hostCPUID level 0000001b, 0: 0x00000000 0x00000000 0x00000000 0x00000000
2024-05-16T10:16:36.128Z In(05) vmx hostCPUID level 0000001c, 0: 0x4000000b 0x00000007 0x00000007 0x00000000
2024-05-16T10:16:36.129Z In(05) vmx hostCPUID level 0000001d, 0: 0x00000000 0x00000000 0x00000000 0x00000000
2024-05-16T10:16:36.129Z In(05) vmx hostCPUID level 0000001e, 0: 0x00000000 0x00000000 0x00000000 0x00000000
2024-05-16T10:16:36.129Z In(05) vmx hostCPUID level 0000001f, 0: 0x00000001 0x00000002 0x00000100 0x00000000
2024-05-16T10:16:36.129Z In(05) vmx hostCPUID level 0000001f, 1: 0x00000006 0x0000000c 0x00000201 0x00000000
2024-05-16T10:16:36.129Z In(05) vmx hostCPUID level 0000001f, 2: 0x00000000 0x00000000 0x00000002 0x00000000
2024-05-16T10:16:36.129Z In(05) vmx hostCPUID level 00000020, 0: 0x00000000 0x00000001 0x00000000 0x00000000
2024-05-16T10:16:36.129Z In(05) vmx hostCPUID level 80000000, 0: 0x80000008 0x00000000 0x00000000 0x00000000
2024-05-16T10:16:36.129Z In(05) vmx hostCPUID level 80000001, 0: 0x00000000 0x00000000 0x00000121 0x2c100800
2024-05-16T10:16:36.129Z In(05) vmx hostCPUID level 80000002, 0: 0x68743231 0x6e654720 0x746e4920 0x52286c65
2024-05-16T10:16:36.129Z In(05) vmx hostCPUID level 80000003, 0: 0x6f432029 0x54286572 0x6920294d 0x32312d35
2024-05-16T10:16:36.129Z In(05) vmx hostCPUID level 80000004, 0: 0x00553533 0x00000000 0x00000000 0x00000000
2024-05-16T10:16:36.129Z In(05) vmx hostCPUID level 80000005, 0: 0x00000000 0x00000000 0x00000000 0x00000000
2024-05-16T10:16:36.129Z In(05) vmx hostCPUID level 80000006, 0: 0x00000000 0x00000000 0x05007040 0x00000000
2024-05-16T10:16:36.129Z In(05) vmx hostCPUID level 80000007, 0: 0x00000000 0x00000000 0x00000000 0x00000100
2024-05-16T10:16:36.129Z In(05) vmx hostCPUID level 80000008, 0: 0x00003027 0x00000000 0x00000000 0x00000000
2024-05-16T10:16:36.129Z In(05) vmx CPUID differences from hostCPUID.
2024-05-16T10:16:36.129Z In(05) vmx CPUID[2] level 00000006, 0: 0x00df8ff7 0x00000002 0x00000409 0x00010003
2024-05-16T10:16:36.129Z In(05) vmx CPUID[3] level 00000006, 0: 0x00df8ff7 0x00000002 0x00000409 0x00010003
2024-05-16T10:16:36.129Z In(05) vmx CPUID[4] level 00000002, 0: 0x00feff01 0x00000000 0x00000000 0x00000000
2024-05-16T10:16:36.129Z In(05) vmx CPUID[4] level 00000004, 0: 0x7c004121 0x01c0003f 0x0000003f 0x00000000
2024-05-16T10:16:36.129Z In(05) vmx CPUID[4] level 00000004, 1: 0x7c004122 0x01c0003f 0x0000007f 0x00000000
2024-05-16T10:16:36.129Z In(05) vmx CPUID[4] level 00000004, 2: 0x7c01c143 0x03c0003f 0x000007ff 0x00000000
2024-05-16T10:16:36.129Z In(05) vmx CPUID[4] level 00000006, 0: 0x00df8ff7 0x00000002 0x00000409 0x00020003
2024-05-16T10:16:36.129Z In(05) vmx CPUID[4] level 0000000b, 0: 0x00000001 0x00000001 0x00000100 0x00000010
2024-05-16T10:16:36.129Z In(05) vmx CPUID[4] level 00000014, 0: 0x00000001 0x0000005f 0x80000007 0x00000000
2024-05-16T10:16:36.129Z In(05) vmx CPUID[4] level 00000016, 0: 0x000009c4 0x00000ce4 0x00000064 0x00000000
2024-05-16T10:16:36.129Z In(05) vmx CPUID[4] level 00000018, 0: 0x00000004 0x00000000 0x00000000 0x00000000
2024-05-16T10:16:36.129Z In(05) vmx CPUID[4] level 00000018, 1: 0x00000000 0x00300001 0x00000001 0x00000121
2024-05-16T10:16:36.129Z In(05) vmx CPUID[4] level 00000018, 2: 0x00000000 0x00040003 0x00000200 0x00000043
2024-05-16T10:16:36.129Z In(05) vmx CPUID[4] level 00000018, 3: 0x00000000 0x00400001 0x00000001 0x00000122
2024-05-16T10:16:36.129Z In(05) vmx CPUID[4] level 00000018, 4: 0x00000000 0x00080008 0x00000001 0x00000143
2024-05-16T10:16:36.129Z In(05) vmx CPUID[4] level 0000001a, 0: 0x20000001 0x00000000 0x00000000 0x00000000
2024-05-16T10:16:36.129Z In(05) vmx CPUID[4] level 0000001c, 0: 0xc000000b 0x00000007 0x00000007 0x00000000
2024-05-16T10:16:36.129Z In(05) vmx CPUID[4] level 0000001f, 0: 0x00000001 0x00000001 0x00000100 0x00000010
2024-05-16T10:16:36.129Z In(05) vmx CPUID[4] level 80000006, 0: 0x00000000 0x00000000 0x08008040 0x00000000
2024-05-16T10:16:36.129Z In(05) vmx CPUID[5] level 00000002, 0: 0x00feff01 0x00000000 0x00000000 0x00000000
2024-05-16T10:16:36.129Z In(05) vmx CPUID[5] level 00000004, 0: 0x7c004121 0x01c0003f 0x0000003f 0x00000000
2024-05-16T10:16:36.129Z In(05) vmx CPUID[5] level 00000004, 1: 0x7c004122 0x01c0003f 0x0000007f 0x00000000
2024-05-16T10:16:36.129Z In(05) vmx CPUID[5] level 00000004, 2: 0x7c01c143 0x03c0003f 0x000007ff 0x00000000
2024-05-16T10:16:36.129Z In(05) vmx CPUID[5] level 00000006, 0: 0x00df8ff7 0x00000002 0x00000409 0x00020003
2024-05-16T10:16:36.129Z In(05) vmx CPUID[5] level 0000000b, 0: 0x00000001 0x00000001 0x00000100 0x00000012
2024-05-16T10:16:36.129Z In(05) vmx CPUID[5] level 00000014, 0: 0x00000001 0x0000005f 0x80000007 0x00000000
2024-05-16T10:16:36.129Z In(05) vmx CPUID[5] level 00000016, 0: 0x000009c4 0x00000ce4 0x00000064 0x00000000
2024-05-16T10:16:36.129Z In(05) vmx CPUID[5] level 00000018, 0: 0x00000004 0x00000000 0x00000000 0x00000000
2024-05-16T10:16:36.129Z In(05) vmx CPUID[5] level 00000018, 1: 0x00000000 0x00300001 0x00000001 0x00000121
2024-05-16T10:16:36.129Z In(05) vmx CPUID[5] level 00000018, 2: 0x00000000 0x00040003 0x00000200 0x00000043
2024-05-16T10:16:36.129Z In(05) vmx CPUID[5] level 00000018, 3: 0x00000000 0x00400001 0x00000001 0x00000122
2024-05-16T10:16:36.129Z In(05) vmx CPUID[5] level 00000018, 4: 0x00000000 0x00080008 0x00000001 0x00000143
2024-05-16T10:16:36.129Z In(05) vmx CPUID[5] level 0000001a, 0: 0x20000001 0x00000000 0x00000000 0x00000000
2024-05-16T10:16:36.129Z In(05) vmx CPUID[5] level 0000001c, 0: 0xc000000b 0x00000007 0x00000007 0x00000000
2024-05-16T10:16:36.129Z In(05) vmx CPUID[5] level 0000001f, 0: 0x00000001 0x00000001 0x00000100 0x00000012
2024-05-16T10:16:36.129Z In(05) vmx CPUID[5] level 80000006, 0: 0x00000000 0x00000000 0x08008040 0x00000000
2024-05-16T10:16:36.129Z In(05) vmx CPUID[6] level 00000002, 0: 0x00feff01 0x00000000 0x00000000 0x00000000
2024-05-16T10:16:36.129Z In(05) vmx CPUID[6] level 00000004, 0: 0x7c004121 0x01c0003f 0x0000003f 0x00000000
2024-05-16T10:16:36.129Z In(05) vmx CPUID[6] level 00000004, 1: 0x7c004122 0x01c0003f 0x0000007f 0x00000000
2024-05-16T10:16:36.129Z In(05) vmx CPUID[6] level 00000004, 2: 0x7c01c143 0x03c0003f 0x000007ff 0x00000000
2024-05-16T10:16:36.129Z In(05) vmx CPUID[6] level 00000006, 0: 0x00df8ff7 0x00000002 0x00000409 0x00020003
2024-05-16T10:16:36.129Z In(05) vmx CPUID[6] level 0000000b, 0: 0x00000001 0x00000001 0x00000100 0x00000014
2024-05-16T10:16:36.129Z In(05) vmx CPUID[6] level 00000014, 0: 0x00000001 0x0000005f 0x80000007 0x00000000
2024-05-16T10:16:36.129Z In(05) vmx CPUID[6] level 00000016, 0: 0x000009c4 0x00000ce4 0x00000064 0x00000000
2024-05-16T10:16:36.129Z In(05) vmx CPUID[6] level 00000018, 0: 0x00000004 0x00000000 0x00000000 0x00000000
2024-05-16T10:16:36.129Z In(05) vmx CPUID[6] level 00000018, 1: 0x00000000 0x00300001 0x00000001 0x00000121
2024-05-16T10:16:36.129Z In(05) vmx CPUID[6] level 00000018, 2: 0x00000000 0x00040003 0x00000200 0x00000043
2024-05-16T10:16:36.129Z In(05) vmx CPUID[6] level 00000018, 3: 0x00000000 0x00400001 0x00000001 0x00000122
2024-05-16T10:16:36.129Z In(05) vmx CPUID[6] level 00000018, 4: 0x00000000 0x00080008 0x00000001 0x00000143
2024-05-16T10:16:36.129Z In(05) vmx CPUID[6] level 0000001a, 0: 0x20000001 0x00000000 0x00000000 0x00000000
2024-05-16T10:16:36.129Z In(05) vmx CPUID[6] level 0000001c, 0: 0xc000000b 0x00000007 0x00000007 0x00000000
2024-05-16T10:16:36.129Z In(05) vmx CPUID[6] level 0000001f, 0: 0x00000001 0x00000001 0x00000100 0x00000014
2024-05-16T10:16:36.129Z In(05) vmx CPUID[6] level 80000006, 0: 0x00000000 0x00000000 0x08008040 0x00000000
2024-05-16T10:16:36.129Z In(05) vmx CPUID[7] level 00000002, 0: 0x00feff01 0x00000000 0x00000000 0x00000000
2024-05-16T10:16:36.129Z In(05) vmx CPUID[7] level 00000004, 0: 0x7c004121 0x01c0003f 0x0000003f 0x00000000
2024-05-16T10:16:36.129Z In(05) vmx CPUID[7] level 00000004, 1: 0x7c004122 0x01c0003f 0x0000007f 0x00000000
2024-05-16T10:16:36.129Z In(05) vmx CPUID[7] level 00000004, 2: 0x7c01c143 0x03c0003f 0x000007ff 0x00000000
2024-05-16T10:16:36.129Z In(05) vmx CPUID[7] level 00000006, 0: 0x00df8ff7 0x00000002 0x00000409 0x00020003
2024-05-16T10:16:36.129Z In(05) vmx CPUID[7] level 0000000b, 0: 0x00000001 0x00000001 0x00000100 0x00000016
2024-05-16T10:16:36.129Z In(05) vmx CPUID[7] level 00000014, 0: 0x00000001 0x0000005f 0x80000007 0x00000000
2024-05-16T10:16:36.129Z In(05) vmx CPUID[7] level 00000016, 0: 0x000009c4 0x00000ce4 0x00000064 0x00000000
2024-05-16T10:16:36.129Z In(05) vmx CPUID[7] level 00000018, 0: 0x00000004 0x00000000 0x00000000 0x00000000
2024-05-16T10:16:36.129Z In(05) vmx CPUID[7] level 00000018, 1: 0x00000000 0x00300001 0x00000001 0x00000121
2024-05-16T10:16:36.129Z In(05) vmx CPUID[7] level 00000018, 2: 0x00000000 0x00040003 0x00000200 0x00000043
2024-05-16T10:16:36.129Z In(05) vmx CPUID[7] level 00000018, 3: 0x00000000 0x00400001 0x00000001 0x00000122
2024-05-16T10:16:36.129Z In(05) vmx CPUID[7] level 00000018, 4: 0x00000000 0x00080008 0x00000001 0x00000143
2024-05-16T10:16:36.129Z In(05) vmx CPUID[7] level 0000001a, 0: 0x20000001 0x00000000 0x00000000 0x00000000
2024-05-16T10:16:36.129Z In(05) vmx CPUID[7] level 0000001c, 0: 0xc000000b 0x00000007 0x00000007 0x00000000
2024-05-16T10:16:36.129Z In(05) vmx CPUID[7] level 0000001f, 0: 0x00000001 0x00000001 0x00000100 0x00000016
2024-05-16T10:16:36.129Z In(05) vmx CPUID[7] level 80000006, 0: 0x00000000 0x00000000 0x08008040 0x00000000
2024-05-16T10:16:36.129Z In(05) vmx CPUID[8] level 00000002, 0: 0x00feff01 0x00000000 0x00000000 0x00000000
2024-05-16T10:16:36.129Z In(05) vmx CPUID[8] level 00000004, 0: 0x7c004121 0x01c0003f 0x0000003f 0x00000000
2024-05-16T10:16:36.129Z In(05) vmx CPUID[8] level 00000004, 1: 0x7c004122 0x01c0003f 0x0000007f 0x00000000
2024-05-16T10:16:36.130Z In(05) vmx CPUID[8] level 00000004, 2: 0x7c01c143 0x03c0003f 0x000007ff 0x00000000
2024-05-16T10:16:36.130Z In(05) vmx CPUID[8] level 00000006, 0: 0x00df8ff7 0x00000002 0x00000409 0x00030003
2024-05-16T10:16:36.130Z In(05) vmx CPUID[8] level 0000000b, 0: 0x00000001 0x00000001 0x00000100 0x00000018
2024-05-16T10:16:36.130Z In(05) vmx CPUID[8] level 00000014, 0: 0x00000001 0x0000005f 0x80000007 0x00000000
2024-05-16T10:16:36.130Z In(05) vmx CPUID[8] level 00000016, 0: 0x000009c4 0x00000ce4 0x00000064 0x00000000
2024-05-16T10:16:36.130Z In(05) vmx CPUID[8] level 00000018, 0: 0x00000004 0x00000000 0x00000000 0x00000000
2024-05-16T10:16:36.130Z In(05) vmx CPUID[8] level 00000018, 1: 0x00000000 0x00300001 0x00000001 0x00000121
2024-05-16T10:16:36.130Z In(05) vmx CPUID[8] level 00000018, 2: 0x00000000 0x00040003 0x00000200 0x00000043
2024-05-16T10:16:36.130Z In(05) vmx CPUID[8] level 00000018, 3: 0x00000000 0x00400001 0x00000001 0x00000122
2024-05-16T10:16:36.130Z In(05) vmx CPUID[8] level 00000018, 4: 0x00000000 0x00080008 0x00000001 0x00000143
2024-05-16T10:16:36.130Z In(05) vmx CPUID[8] level 0000001a, 0: 0x20000001 0x00000000 0x00000000 0x00000000
2024-05-16T10:16:36.130Z In(05) vmx CPUID[8] level 0000001c, 0: 0xc000000b 0x00000007 0x00000007 0x00000000
2024-05-16T10:16:36.130Z In(05) vmx CPUID[8] level 0000001f, 0: 0x00000001 0x00000001 0x00000100 0x00000018
2024-05-16T10:16:36.130Z In(05) vmx CPUID[8] level 80000006, 0: 0x00000000 0x00000000 0x08008040 0x00000000
2024-05-16T10:16:36.130Z In(05) vmx CPUID[9] level 00000002, 0: 0x00feff01 0x00000000 0x00000000 0x00000000
2024-05-16T10:16:36.130Z In(05) vmx CPUID[9] level 00000004, 0: 0x7c004121 0x01c0003f 0x0000003f 0x00000000
2024-05-16T10:16:36.130Z In(05) vmx CPUID[9] level 00000004, 1: 0x7c004122 0x01c0003f 0x0000007f 0x00000000
2024-05-16T10:16:36.130Z In(05) vmx CPUID[9] level 00000004, 2: 0x7c01c143 0x03c0003f 0x000007ff 0x00000000
2024-05-16T10:16:36.130Z In(05) vmx CPUID[9] level 00000006, 0: 0x00df8ff7 0x00000002 0x00000409 0x00030003
2024-05-16T10:16:36.130Z In(05) vmx CPUID[9] level 0000000b, 0: 0x00000001 0x00000001 0x00000100 0x0000001a
2024-05-16T10:16:36.130Z In(05) vmx CPUID[9] level 00000014, 0: 0x00000001 0x0000005f 0x80000007 0x00000000
2024-05-16T10:16:36.130Z In(05) vmx CPUID[9] level 00000016, 0: 0x000009c4 0x00000ce4 0x00000064 0x00000000
2024-05-16T10:16:36.130Z In(05) vmx CPUID[9] level 00000018, 0: 0x00000004 0x00000000 0x00000000 0x00000000
2024-05-16T10:16:36.130Z In(05) vmx CPUID[9] level 00000018, 1: 0x00000000 0x00300001 0x00000001 0x00000121
2024-05-16T10:16:36.130Z In(05) vmx CPUID[9] level 00000018, 2: 0x00000000 0x00040003 0x00000200 0x00000043
2024-05-16T10:16:36.130Z In(05) vmx CPUID[9] level 00000018, 3: 0x00000000 0x00400001 0x00000001 0x00000122
2024-05-16T10:16:36.130Z In(05) vmx CPUID[9] level 00000018, 4: 0x00000000 0x00080008 0x00000001 0x00000143
2024-05-16T10:16:36.130Z In(05) vmx CPUID[9] level 0000001a, 0: 0x20000001 0x00000000 0x00000000 0x00000000
2024-05-16T10:16:36.130Z In(05) vmx CPUID[9] level 0000001c, 0: 0xc000000b 0x00000007 0x00000007 0x00000000
2024-05-16T10:16:36.130Z In(05) vmx CPUID[9] level 0000001f, 0: 0x00000001 0x00000001 0x00000100 0x0000001a
2024-05-16T10:16:36.130Z In(05) vmx CPUID[9] level 80000006, 0: 0x00000000 0x00000000 0x08008040 0x00000000
2024-05-16T10:16:36.130Z In(05) vmx CPUID[10] level 00000002, 0: 0x00feff01 0x00000000 0x00000000 0x00000000
2024-05-16T10:16:36.130Z In(05) vmx CPUID[10] level 00000004, 0: 0x7c004121 0x01c0003f 0x0000003f 0x00000000
2024-05-16T10:16:36.130Z In(05) vmx CPUID[10] level 00000004, 1: 0x7c004122 0x01c0003f 0x0000007f 0x00000000
2024-05-16T10:16:36.130Z In(05) vmx CPUID[10] level 00000004, 2: 0x7c01c143 0x03c0003f 0x000007ff 0x00000000
2024-05-16T10:16:36.130Z In(05) vmx CPUID[10] level 00000006, 0: 0x00df8ff7 0x00000002 0x00000409 0x00030003
2024-05-16T10:16:36.130Z In(05) vmx CPUID[10] level 0000000b, 0: 0x00000001 0x00000001 0x00000100 0x0000001c
2024-05-16T10:16:36.130Z In(05) vmx CPUID[10] level 00000014, 0: 0x00000001 0x0000005f 0x80000007 0x00000000
2024-05-16T10:16:36.130Z In(05) vmx CPUID[10] level 00000016, 0: 0x000009c4 0x00000ce4 0x00000064 0x00000000
2024-05-16T10:16:36.130Z In(05) vmx CPUID[10] level 00000018, 0: 0x00000004 0x00000000 0x00000000 0x00000000
2024-05-16T10:16:36.130Z In(05) vmx CPUID[10] level 00000018, 1: 0x00000000 0x00300001 0x00000001 0x00000121
2024-05-16T10:16:36.130Z In(05) vmx CPUID[10] level 00000018, 2: 0x00000000 0x00040003 0x00000200 0x00000043
2024-05-16T10:16:36.130Z In(05) vmx CPUID[10] level 00000018, 3: 0x00000000 0x00400001 0x00000001 0x00000122
2024-05-16T10:16:36.130Z In(05) vmx CPUID[10] level 00000018, 4: 0x00000000 0x00080008 0x00000001 0x00000143
2024-05-16T10:16:36.130Z In(05) vmx CPUID[10] level 0000001a, 0: 0x20000001 0x00000000 0x00000000 0x00000000
2024-05-16T10:16:36.130Z In(05) vmx CPUID[10] level 0000001c, 0: 0xc000000b 0x00000007 0x00000007 0x00000000
2024-05-16T10:16:36.130Z In(05) vmx CPUID[10] level 0000001f, 0: 0x00000001 0x00000001 0x00000100 0x0000001c
2024-05-16T10:16:36.130Z In(05) vmx CPUID[10] level 80000006, 0: 0x00000000 0x00000000 0x08008040 0x00000000
2024-05-16T10:16:36.130Z In(05) vmx CPUID[11] level 00000002, 0: 0x00feff01 0x00000000 0x00000000 0x00000000
2024-05-16T10:16:36.130Z In(05) vmx CPUID[11] level 00000004, 0: 0x7c004121 0x01c0003f 0x0000003f 0x00000000
2024-05-16T10:16:36.130Z In(05) vmx CPUID[11] level 00000004, 1: 0x7c004122 0x01c0003f 0x0000007f 0x00000000
2024-05-16T10:16:36.130Z In(05) vmx CPUID[11] level 00000004, 2: 0x7c01c143 0x03c0003f 0x000007ff 0x00000000
2024-05-16T10:16:36.130Z In(05) vmx CPUID[11] level 00000006, 0: 0x00df8ff7 0x00000002 0x00000409 0x00030003
2024-05-16T10:16:36.130Z In(05) vmx CPUID[11] level 0000000b, 0: 0x00000001 0x00000001 0x00000100 0x0000001e
2024-05-16T10:16:36.130Z In(05) vmx CPUID[11] level 00000014, 0: 0x00000001 0x0000005f 0x80000007 0x00000000
2024-05-16T10:16:36.130Z In(05) vmx CPUID[11] level 00000016, 0: 0x000009c4 0x00000ce4 0x00000064 0x00000000
2024-05-16T10:16:36.130Z In(05) vmx CPUID[11] level 00000018, 0: 0x00000004 0x00000000 0x00000000 0x00000000
2024-05-16T10:16:36.130Z In(05) vmx CPUID[11] level 00000018, 1: 0x00000000 0x00300001 0x00000001 0x00000121
2024-05-16T10:16:36.130Z In(05) vmx CPUID[11] level 00000018, 2: 0x00000000 0x00040003 0x00000200 0x00000043
2024-05-16T10:16:36.130Z In(05) vmx CPUID[11] level 00000018, 3: 0x00000000 0x00400001 0x00000001 0x00000122
2024-05-16T10:16:36.130Z In(05) vmx CPUID[11] level 00000018, 4: 0x00000000 0x00080008 0x00000001 0x00000143
2024-05-16T10:16:36.130Z In(05) vmx CPUID[11] level 0000001a, 0: 0x20000001 0x00000000 0x00000000 0x00000000
2024-05-16T10:16:36.130Z In(05) vmx CPUID[11] level 0000001c, 0: 0xc000000b 0x00000007 0x00000007 0x00000000
2024-05-16T10:16:36.130Z In(05) vmx CPUID[11] level 0000001f, 0: 0x00000001 0x00000001 0x00000100 0x0000001e
2024-05-16T10:16:36.130Z In(05) vmx CPUID[11] level 80000006, 0: 0x00000000 0x00000000 0x08008040 0x00000000
2024-05-16T10:16:36.130Z In(05) vmx Physical APIC IDs: 0-1,8-9,16,18,20,22,24,26,28,30
2024-05-16T10:16:36.130Z In(05) vmx Physical X2APIC IDs: 0-1,8-9,16,18,20,22,24,26,28,30
2024-05-16T10:16:36.130Z In(05) vmx Common: MSR       0x3a =                0x5
2024-05-16T10:16:36.130Z In(05) vmx Common: MSR      0x480 =  0x3da050000000013
2024-05-16T10:16:36.130Z In(05) vmx Common: MSR      0x481 =       0xff00000016
2024-05-16T10:16:36.130Z In(05) vmx Common: MSR      0x482 = 0xfffbfffe0401e172
2024-05-16T10:16:36.130Z In(05) vmx Common: MSR      0x483 = 0xf77fffff00036dff
2024-05-16T10:16:36.130Z In(05) vmx Common: MSR      0x484 =   0x76ffff000011ff
2024-05-16T10:16:36.130Z In(05) vmx Common: MSR      0x485 =         0x7004c1e7
2024-05-16T10:16:36.130Z In(05) vmx Common: MSR      0x486 =         0x80000021
2024-05-16T10:16:36.130Z In(05) vmx Common: MSR      0x487 =         0xffffffff
2024-05-16T10:16:36.130Z In(05) vmx Common: MSR      0x488 =             0x2000
2024-05-16T10:16:36.130Z In(05) vmx Common: MSR      0x489 =          0x1f76fff
2024-05-16T10:16:36.130Z In(05) vmx Common: MSR      0x48a =               0x2e
2024-05-16T10:16:36.130Z In(05) vmx Common: MSR      0x48b =  0x75d7fff00000000
2024-05-16T10:16:36.130Z In(05) vmx Common: MSR      0x48c =      0xf0106f34141
2024-05-16T10:16:36.130Z In(05) vmx Common: MSR      0x48d =       0xff00000016
2024-05-16T10:16:36.130Z In(05) vmx Common: MSR      0x48e = 0xfffbfffe04006172
2024-05-16T10:16:36.130Z In(05) vmx Common: MSR      0x48f = 0xf77fffff00036dfb
2024-05-16T10:16:36.130Z In(05) vmx Common: MSR      0x490 =   0x76ffff000011fb
2024-05-16T10:16:36.130Z In(05) vmx Common: MSR      0x491 =                0x1
2024-05-16T10:16:36.130Z In(05) vmx Common: MSR      0x492 =                  0
2024-05-16T10:16:36.130Z In(05) vmx Common: MSR 0xc0010114 =                  0
2024-05-16T10:16:36.130Z In(05) vmx Common: MSR       0xce =         0x80000000
2024-05-16T10:16:36.130Z In(05) vmx Common: MSR      0x10a =           0x88fd6b
2024-05-16T10:16:36.130Z In(05) vmx Common: MSR      0x122 =                  0
2024-05-16T10:16:36.131Z In(05) vmx VMMon_GetkHzEstimate: Calculated 2496001 kHz
2024-05-16T10:16:36.131Z In(05) vmx TSC Hz estimates: vmmon 2496001000, remembered 0, osReported 1300000000. Using 2496001000 Hz.
2024-05-16T10:16:36.131Z In(05) vmx TSC first measured delta 989
2024-05-16T10:16:36.131Z In(05) vmx TSC min delta 923
2024-05-16T10:16:36.131Z In(05) vmx PTSC: RefClockToPTSC 0 @ 10000000Hz -> 0 @ 2496001000Hz
2024-05-16T10:16:36.131Z In(05) vmx PTSC: RefClockToPTSC ((x * 4187594791) >> 24) + -29207118905795
2024-05-16T10:16:36.131Z In(05) vmx PTSC: tscOffset -101971874009531
2024-05-16T10:16:36.131Z In(05) vmx PTSC: using TSC
2024-05-16T10:16:36.131Z In(05) vmx PTSC: hardware TSCs are synchronized.
2024-05-16T10:16:36.131Z In(05) vmx PTSC: hardware TSCs may have been adjusted by the host.
2024-05-16T10:16:36.131Z In(05) vmx PTSC: current PTSC=307841237868
2024-05-16T10:16:36.140Z In(05) vmx WQPoolAllocPoll : pollIx = 3, signalHandle = 1092
2024-05-16T10:16:36.182Z In(05) vmx ConfigCheck: No rules file found. Checks are disabled.
2024-05-16T10:16:36.182Z In(05) vmx changing directory to C:\Users\Asus\Desktop\Kioptix Level 1\.
2024-05-16T10:16:36.182Z In(05) vmx Config file: C:\Users\Asus\Desktop\Kioptix Level 1\Kioptix Level 1.vmx
2024-05-16T10:16:36.182Z In(05) vmx Vix: [mainDispatch.c:4212]: VMAutomation_ReportPowerOpFinished: statevar=1, newAppState=1873, success=1 additionalError=0
2024-05-16T10:16:36.182Z In(05) vmx Vix: [mainDispatch.c:4212]: VMAutomation_ReportPowerOpFinished: statevar=2, newAppState=1878, success=1 additionalError=0
2024-05-16T10:16:36.183Z In(05) vmx LogRotation: Rotating to a new log file (keepOld 3) took 0.000057 seconds.
2024-05-16T10:16:36.204Z No(00) vmx LogVMXReplace: Successful switching from temporary to permanent log file took 0.020910 seconds.
2024-05-16T10:16:36.236Z Wa(03) vmx PowerOn
2024-05-16T10:16:36.236Z In(05) vmx VMX_PowerOn: VMX build 23298084, UI build 23298084
2024-05-16T10:16:36.236Z In(05) vmx HostWin32: WIN32 NUMA node 0, CPU mask 0x0000000000000fff
2024-05-16T10:16:36.242Z In(05) vmx Vix: [mainDispatch.c:4212]: VMAutomation_ReportPowerOpFinished: statevar=0, newAppState=1871, success=1 additionalError=0
2024-05-16T10:16:36.243Z No(00) vmx ConfigDB: Setting vmxstats.filename = "Kioptix Level 1.scoreboard"
2024-05-16T10:16:36.261Z In(05) vmx VMXSTATS: Successfully created stats file 'Kioptix Level 1.scoreboard'
2024-05-16T10:16:36.261Z In(05) vmx VMXSTATS: Update Product Information: VMware Workstation	17.5.1	build-23298084	Release  TotalBlockSize: 56
2024-05-16T10:16:36.264Z In(05) vmx HOST Windows version 10.0, build 22631, platform 2, ""
2024-05-16T10:16:36.264Z In(05) vmx DICT --- GLOBAL SETTINGS C:\ProgramData\VMware\VMware Workstation\settings.ini
2024-05-16T10:16:36.264Z In(05) vmx DICT          printers.enabled = "FALSE"
2024-05-16T10:16:36.264Z In(05) vmx DICT --- NON PERSISTENT (null)
2024-05-16T10:16:36.264Z In(05) vmx DICT --- USER PREFERENCES C:\Users\Asus\AppData\Roaming\VMware\preferences.ini
2024-05-16T10:16:36.264Z In(05) vmx DICT   pref.lastUpdateCheckSec = "1715802851"
2024-05-16T10:16:36.264Z In(05) vmx DICT pref.keyboardAndMouse.vmHotKey.enabled = "FALSE"
2024-05-16T10:16:36.264Z In(05) vmx DICT pref.keyboardAndMouse.vmHotKey.count = "0"
2024-05-16T10:16:36.264Z In(05) vmx DICT pref.ws.session.window.count = "1"
2024-05-16T10:16:36.264Z In(05) vmx DICT pref.ws.session.window0.tab.count = "3"
2024-05-16T10:16:36.264Z In(05) vmx DICT pref.ws.session.window0.tab0.dest = ""
2024-05-16T10:16:36.264Z In(05) vmx DICT pref.ws.session.window0.tab0.file = ""
2024-05-16T10:16:36.264Z In(05) vmx DICT pref.ws.session.window0.tab0.type = "home"
2024-05-16T10:16:36.264Z In(05) vmx DICT pref.ws.session.window0.tab0.cnxType = "vmdb"
2024-05-16T10:16:36.264Z In(05) vmx DICT pref.ws.session.window0.tab0.focused = "FALSE"
2024-05-16T10:16:36.264Z In(05) vmx DICT pref.ws.session.window0.sidebar = "TRUE"
2024-05-16T10:16:36.264Z In(05) vmx DICT pref.ws.session.window0.sidebar.width = "200"
2024-05-16T10:16:36.264Z In(05) vmx DICT pref.ws.session.window0.statusBar = "TRUE"
2024-05-16T10:16:36.264Z In(05) vmx DICT pref.ws.session.window0.tabs = "TRUE"
2024-05-16T10:16:36.264Z In(05) vmx DICT pref.ws.session.window0.thumbnailBar = "FALSE"
2024-05-16T10:16:36.264Z In(05) vmx DICT pref.ws.session.window0.thumbnailBar.size = "100"
2024-05-16T10:16:36.264Z In(05) vmx DICT pref.ws.session.window0.thumbnailBar.view = "opened-vms"
2024-05-16T10:16:36.264Z In(05) vmx DICT pref.ws.session.window0.placement.left = "32"
2024-05-16T10:16:36.264Z In(05) vmx DICT pref.ws.session.window0.placement.top = "32"
2024-05-16T10:16:36.264Z In(05) vmx DICT pref.ws.session.window0.placement.right = "956"
2024-05-16T10:16:36.264Z In(05) vmx DICT pref.ws.session.window0.placement.bottom = "578"
2024-05-16T10:16:36.264Z In(05) vmx DICT pref.ws.session.window0.maximized = "TRUE"
2024-05-16T10:16:36.264Z In(05) vmx DICT pref.ws.session.window0.tab1.dest = ""
2024-05-16T10:16:36.264Z In(05) vmx DICT pref.ws.session.window0.tab1.file = "C:\Users\Asus\Documents\Virtual Machines\BGD\BGD.vmx"
2024-05-16T10:16:36.264Z In(05) vmx DICT pref.ws.session.window0.tab1.type = "vm"
2024-05-16T10:16:36.264Z In(05) vmx DICT pref.ws.session.window0.tab1.cnxType = "vmdb"
2024-05-16T10:16:36.264Z In(05) vmx DICT pref.ws.session.window0.tab1.focused = "FALSE"
2024-05-16T10:16:36.264Z In(05) vmx DICT pref.ws.session.window0.tab2.dest = ""
2024-05-16T10:16:36.264Z In(05) vmx DICT pref.ws.session.window0.tab2.file = "C:\Users\Asus\Desktop\kali-linux-2024.1-vmware-amd64\kali-linux-2024.1-vmware-amd64.vmwarevm\kali-linux-2024.1-vmware-amd64.vmx"
2024-05-16T10:16:36.264Z In(05) vmx DICT pref.ws.session.window0.tab2.type = "vm"
2024-05-16T10:16:36.264Z In(05) vmx DICT pref.ws.session.window0.tab2.cnxType = "vmdb"
2024-05-16T10:16:36.264Z In(05) vmx DICT pref.ws.session.window0.tab2.focused = "TRUE"
2024-05-16T10:16:36.264Z In(05) vmx DICT --- USER DEFAULTS C:\Users\Asus\AppData\Roaming\VMware\config.ini
2024-05-16T10:16:36.264Z In(05) vmx DICT --- HOST DEFAULTS C:\ProgramData\VMware\VMware Workstation\config.ini
2024-05-16T10:16:36.264Z In(05) vmx DICT         authd.client.port = "902"
2024-05-16T10:16:36.264Z In(05) vmx DICT           authd.proxy.nfc = "vmware-hostd:ha-nfc"
2024-05-16T10:16:36.264Z In(05) vmx DICT installerDefaults.autoSoftwareUpdateEnabled = "yes"
2024-05-16T10:16:36.264Z In(05) vmx DICT installerDefaults.autoSoftwareUpdateEnabled.epoch = "16185"
2024-05-16T10:16:36.264Z In(05) vmx DICT installerDefaults.componentDownloadEnabled = "yes"
2024-05-16T10:16:36.264Z In(05) vmx DICT installerDefaults.dataCollectionEnabled = "yes"
2024-05-16T10:16:36.264Z In(05) vmx DICT installerDefaults.dataCollectionEnabled.epoch = "16185"
2024-05-16T10:16:36.264Z In(05) vmx DICT --- SITE DEFAULTS C:\ProgramData\VMware\VMware Workstation\config.ini
2024-05-16T10:16:36.264Z In(05) vmx DICT         authd.client.port = "902"
2024-05-16T10:16:36.264Z In(05) vmx DICT           authd.proxy.nfc = "vmware-hostd:ha-nfc"
2024-05-16T10:16:36.264Z In(05) vmx DICT installerDefaults.autoSoftwareUpdateEnabled = "yes"
2024-05-16T10:16:36.264Z In(05) vmx DICT installerDefaults.autoSoftwareUpdateEnabled.epoch = "16185"
2024-05-16T10:16:36.264Z In(05) vmx DICT installerDefaults.componentDownloadEnabled = "yes"
2024-05-16T10:16:36.264Z In(05) vmx DICT installerDefaults.dataCollectionEnabled = "yes"
2024-05-16T10:16:36.264Z In(05) vmx DICT installerDefaults.dataCollectionEnabled.epoch = "16185"
2024-05-16T10:16:36.264Z In(05) vmx DICT --- NONPERSISTENT
2024-05-16T10:16:36.264Z In(05) vmx DICT            vmx.stdio.keep = "TRUE"
2024-05-16T10:16:36.264Z In(05) vmx DICT             gui.available = "TRUE"
2024-05-16T10:16:36.264Z In(05) vmx DICT --- COMMAND LINE
2024-05-16T10:16:36.264Z In(05) vmx DICT            vmx.stdio.keep = "TRUE"
2024-05-16T10:16:36.264Z In(05) vmx DICT             gui.available = "TRUE"
2024-05-16T10:16:36.264Z In(05) vmx DICT --- RECORDING
2024-05-16T10:16:36.264Z In(05) vmx DICT            vmx.stdio.keep = "TRUE"
2024-05-16T10:16:36.264Z In(05) vmx DICT             gui.available = "TRUE"
2024-05-16T10:16:36.264Z In(05) vmx DICT --- CONFIGURATION C:\Users\Asus\Desktop\Kioptix Level 1\Kioptix Level 1.vmx 
2024-05-16T10:16:36.264Z In(05) vmx DICT            config.version = "8"
2024-05-16T10:16:36.264Z In(05) vmx DICT         virtualHW.version = "7"
2024-05-16T10:16:36.264Z In(05) vmx DICT           floppy0.present = "FALSE"
2024-05-16T10:16:36.264Z In(05) vmx DICT              mks.enable3d = "TRUE"
2024-05-16T10:16:36.264Z In(05) vmx DICT        pciBridge0.present = "TRUE"
2024-05-16T10:16:36.264Z In(05) vmx DICT        pciBridge4.present = "TRUE"
2024-05-16T10:16:36.264Z In(05) vmx DICT     pciBridge4.virtualDev = "pcieRootPort"
2024-05-16T10:16:36.264Z In(05) vmx DICT      pciBridge4.functions = "8"
2024-05-16T10:16:36.264Z In(05) vmx DICT        pciBridge5.present = "TRUE"
2024-05-16T10:16:36.264Z In(05) vmx DICT     pciBridge5.virtualDev = "pcieRootPort"
2024-05-16T10:16:36.264Z In(05) vmx DICT      pciBridge5.functions = "8"
2024-05-16T10:16:36.264Z In(05) vmx DICT        pciBridge6.present = "TRUE"
2024-05-16T10:16:36.264Z In(05) vmx DICT     pciBridge6.virtualDev = "pcieRootPort"
2024-05-16T10:16:36.264Z In(05) vmx DICT      pciBridge6.functions = "8"
2024-05-16T10:16:36.264Z In(05) vmx DICT        pciBridge7.present = "TRUE"
2024-05-16T10:16:36.264Z In(05) vmx DICT     pciBridge7.virtualDev = "pcieRootPort"
2024-05-16T10:16:36.264Z In(05) vmx DICT      pciBridge7.functions = "8"
2024-05-16T10:16:36.264Z In(05) vmx DICT             vmci0.present = "TRUE"
2024-05-16T10:16:36.264Z In(05) vmx DICT                     nvram = "Kioptix Level 1.nvram"
2024-05-16T10:16:36.264Z In(05) vmx DICT virtualHW.productCompatibility = "hosted"
2024-05-16T10:16:36.264Z In(05) vmx DICT     ft.secondary0.enabled = "TRUE"
2024-05-16T10:16:36.264Z In(05) vmx DICT      tools.upgrade.policy = "useGlobal"
2024-05-16T10:16:36.264Z In(05) vmx DICT        powerType.powerOff = "soft"
2024-05-16T10:16:36.264Z In(05) vmx DICT         powerType.powerOn = "hard"
2024-05-16T10:16:36.264Z In(05) vmx DICT         powerType.suspend = "hard"
2024-05-16T10:16:36.264Z In(05) vmx DICT           powerType.reset = "soft"
2024-05-16T10:16:36.264Z In(05) vmx DICT               displayName = "Kioptrix Level 1"
2024-05-16T10:16:36.264Z In(05) vmx DICT        extendedConfigFile = "Kioptix Level 1.vmxf"
2024-05-16T10:16:36.264Z In(05) vmx DICT                   memsize = "64"
2024-05-16T10:16:36.264Z In(05) vmx DICT            ide1:0.present = "FALSE"
2024-05-16T10:16:36.264Z In(05) vmx DICT           ide1:0.fileName = "F:"
2024-05-16T10:16:36.264Z In(05) vmx DICT         ide1:0.deviceType = "atapi-cdrom"
2024-05-16T10:16:36.264Z In(05) vmx DICT ide1:0.allowGuestConnectionControl = "FALSE"
2024-05-16T10:16:36.264Z In(05) vmx DICT            ide1:1.present = "FALSE"
2024-05-16T10:16:36.264Z In(05) vmx DICT           ide1:1.fileName = "Kioptix Level 1.vmdk"
2024-05-16T10:16:36.264Z In(05) vmx DICT       ide1:1.writeThrough = "TRUE"
2024-05-16T10:16:36.264Z In(05) vmx DICT         ethernet0.present = "TRUE"
2024-05-16T10:16:36.264Z In(05) vmx DICT ethernet0.allowGuestConnectionControl = "FALSE"
2024-05-16T10:16:36.264Z In(05) vmx DICT        ethernet0.features = "1"
2024-05-16T10:16:36.264Z In(05) vmx DICT   ethernet0.wakeOnPcktRcv = "FALSE"
2024-05-16T10:16:36.264Z In(05) vmx DICT     ethernet0.networkName = "NAT"
2024-05-16T10:16:36.264Z In(05) vmx DICT     ethernet0.addressType = "generated"
2024-05-16T10:16:36.264Z In(05) vmx DICT                   guestOS = "other24xlinux"
2024-05-16T10:16:36.264Z In(05) vmx DICT             uuid.location = "56 4d f8 a6 70 a4 8d 9d-f6 b1 74 de ea 7c 3a 16"
2024-05-16T10:16:36.264Z In(05) vmx DICT                 uuid.bios = "56 4d f8 a6 70 a4 8d 9d-f6 b1 74 de ea 7c 3a 16"
2024-05-16T10:16:36.264Z In(05) vmx DICT                   vc.uuid = "52 77 3c 2e 12 81 3a 68-25 23 b3 92 4e 8e 01 ff"
2024-05-16T10:16:36.264Z In(05) vmx DICT ethernet0.generatedAddress = "00:0c:29:7c:3a:16"
2024-05-16T10:16:36.264Z In(05) vmx DICT               ide1:1.redo = ""
2024-05-16T10:16:36.264Z In(05) vmx DICT  vmotion.checkpointFBSize = "134217728"
2024-05-16T10:16:36.264Z In(05) vmx DICT  pciBridge0.pciSlotNumber = "17"
2024-05-16T10:16:36.264Z In(05) vmx DICT  pciBridge4.pciSlotNumber = "21"
2024-05-16T10:16:36.264Z In(05) vmx DICT  pciBridge5.pciSlotNumber = "22"
2024-05-16T10:16:36.264Z In(05) vmx DICT  pciBridge6.pciSlotNumber = "23"
2024-05-16T10:16:36.264Z In(05) vmx DICT  pciBridge7.pciSlotNumber = "24"
2024-05-16T10:16:36.264Z In(05) vmx DICT   ethernet0.pciSlotNumber = "32"
2024-05-16T10:16:36.264Z In(05) vmx DICT       vmci0.pciSlotNumber = "33"
2024-05-16T10:16:36.264Z In(05) vmx DICT ethernet0.generatedAddressOffset = "0"
2024-05-16T10:16:36.264Z In(05) vmx DICT                  vmci0.id = "-360957418"
2024-05-16T10:16:36.264Z In(05) vmx DICT            ide0:0.present = "TRUE"
2024-05-16T10:16:36.264Z In(05) vmx DICT           ide0:0.fileName = "Kioptix Level 1.vmdk"
2024-05-16T10:16:36.264Z In(05) vmx DICT       ide0:0.writeThrough = "TRUE"
2024-05-16T10:16:36.264Z In(05) vmx DICT               ide0:0.redo = ""
2024-05-16T10:16:36.264Z In(05) vmx DICT       tools.remindInstall = "TRUE"
2024-05-16T10:16:36.264Z In(05) vmx DICT            tools.syncTime = "FALSE"
2024-05-16T10:16:36.264Z In(05) vmx DICT     ide1:0.startConnected = "FALSE"
2024-05-16T10:16:36.265Z In(05) vmx DICT         vmxstats.filename = "Kioptix Level 1.scoreboard"
2024-05-16T10:16:36.265Z In(05) vmx DICT --- USER DEFAULTS C:\Users\Asus\AppData\Roaming\VMware\config.ini 
2024-05-16T10:16:36.265Z In(05) vmx DICT --- HOST DEFAULTS C:\ProgramData\VMware\VMware Workstation\config.ini 
2024-05-16T10:16:36.265Z In(05) vmx DICT         authd.client.port = "902"
2024-05-16T10:16:36.265Z In(05) vmx DICT           authd.proxy.nfc = "vmware-hostd:ha-nfc"
2024-05-16T10:16:36.265Z In(05) vmx DICT installerDefaults.autoSoftwareUpdateEnabled = "yes"
2024-05-16T10:16:36.265Z In(05) vmx DICT installerDefaults.autoSoftwareUpdateEnabled.epoch = "16185"
2024-05-16T10:16:36.265Z In(05) vmx DICT installerDefaults.componentDownloadEnabled = "yes"
2024-05-16T10:16:36.265Z In(05) vmx DICT installerDefaults.dataCollectionEnabled = "yes"
2024-05-16T10:16:36.265Z In(05) vmx DICT installerDefaults.dataCollectionEnabled.epoch = "16185"
2024-05-16T10:16:36.265Z In(05) vmx DICT --- SITE DEFAULTS C:\ProgramData\VMware\VMware Workstation\config.ini 
2024-05-16T10:16:36.265Z In(05) vmx DICT         authd.client.port = "902"
2024-05-16T10:16:36.265Z In(05) vmx DICT           authd.proxy.nfc = "vmware-hostd:ha-nfc"
2024-05-16T10:16:36.265Z In(05) vmx DICT installerDefaults.autoSoftwareUpdateEnabled = "yes"
2024-05-16T10:16:36.265Z In(05) vmx DICT installerDefaults.autoSoftwareUpdateEnabled.epoch = "16185"
2024-05-16T10:16:36.265Z In(05) vmx DICT installerDefaults.componentDownloadEnabled = "yes"
2024-05-16T10:16:36.265Z In(05) vmx DICT installerDefaults.dataCollectionEnabled = "yes"
2024-05-16T10:16:36.265Z In(05) vmx DICT installerDefaults.dataCollectionEnabled.epoch = "16185"
2024-05-16T10:16:36.265Z In(05) vmx DICT --- GLOBAL SETTINGS C:\ProgramData\VMware\VMware Workstation\settings.ini 
2024-05-16T10:16:36.265Z In(05) vmx DICT          printers.enabled = "FALSE"
2024-05-16T10:16:36.265Z In(05) vmx VMXSTATS: Registering 1 stats: vmx.diskLibDataVmdkOpenTime
2024-05-16T10:16:36.265Z In(05) vmx VMXSTATS: Registering 2 stats: vmx.diskLibDataVmdkOpenTime
2024-05-16T10:16:36.265Z In(05) vmx VMXSTATS: Registering 3 stats: vmx.diskLibDataVmdkGrowTime
2024-05-16T10:16:36.265Z In(05) vmx VMXSTATS: Registering 4 stats: vmx.diskLibDataVmdkGrowTime
2024-05-16T10:16:36.265Z In(05) vmx VMXSTATS: Registering 5 stats: vmx.diskLibDigestVmdkOpenTime
2024-05-16T10:16:36.265Z In(05) vmx VMXSTATS: Registering 6 stats: vmx.diskLibDigestVmdkOpenTime
2024-05-16T10:16:36.265Z In(05) vmx VMXSTATS: Registering 7 stats: vmx.diskLibDigestVmdkGrowTime
2024-05-16T10:16:36.265Z In(05) vmx VMXSTATS: Registering 8 stats: vmx.diskLibDigestVmdkGrowTime
2024-05-16T10:16:36.265Z In(05) vmx VMXSTATS: Registering 9 stats: vmx.diskLibDigestFileDataGrowTime
2024-05-16T10:16:36.265Z In(05) vmx VMXSTATS: Registering 10 stats: vmx.diskLibDigestFileDataGrowTime
2024-05-16T10:16:36.265Z In(05) vmx VMXSTATS: Registering 11 stats: vmx.digestLibOpenIntTime
2024-05-16T10:16:36.265Z In(05) vmx VMXSTATS: Registering 12 stats: vmx.digestLibOpenIntTime
2024-05-16T10:16:36.265Z In(05) vmx VMXSTATS: Registering 13 stats: vmx.diskLibDataVmdkCloseTime
2024-05-16T10:16:36.265Z In(05) vmx VMXSTATS: Registering 14 stats: vmx.diskLibDataVmdkCloseTime
2024-05-16T10:16:36.265Z In(05) vmx VMXSTATS: Registering 15 stats: vmx.diskLibDigestVmdkCloseTime
2024-05-16T10:16:36.265Z In(05) vmx VMXSTATS: Registering 16 stats: vmx.diskLibDigestVmdkCloseTime
2024-05-16T10:16:36.265Z In(05) vmx VMXSTATS: Registering 17 stats: vmx.diskLibVmdkCreateTime
2024-05-16T10:16:36.265Z In(05) vmx VMXSTATS: Registering 18 stats: vmx.diskLibVmdkCreateTime
2024-05-16T10:16:36.265Z In(05) vmx VMXSTATS: Registering 19 stats: vmx.diskLibChildVmdkCreateTime
2024-05-16T10:16:36.265Z In(05) vmx VMXSTATS: Registering 20 stats: vmx.diskLibChildVmdkCreateTime
2024-05-16T10:16:36.265Z In(05) vmx VMXSTATS: Registering 21 stats: vmx.snapshotCreateTime
2024-05-16T10:16:36.265Z In(05) vmx VMXSTATS: Registering 22 stats: vmx.snapshotCreateTime
2024-05-16T10:16:36.265Z In(05) vmx VMXSTATS: Registering 23 stats: vmx.snapshotCreateQuiescedTime
2024-05-16T10:16:36.265Z In(05) vmx VMXSTATS: Registering 24 stats: vmx.snapshotCreateQuiescedTime
2024-05-16T10:16:36.265Z In(05) vmx VMXSTATS: Registering 25 stats: vmx.snapshotCreateMemoryTime
2024-05-16T10:16:36.265Z In(05) vmx VMXSTATS: Registering 26 stats: vmx.snapshotCreateMemoryTime
2024-05-16T10:16:36.265Z In(05) vmx VMXSTATS: Registering 27 stats: vmx.snapshotDeleteTime
2024-05-16T10:16:36.265Z In(05) vmx VMXSTATS: Registering 28 stats: vmx.snapshotDeleteTime
2024-05-16T10:16:36.265Z In(05) vmx VMXSTATS: Registering 29 stats: vmx.snapshotConsolidateTime
2024-05-16T10:16:36.265Z In(05) vmx VMXSTATS: Registering 30 stats: vmx.snapshotConsolidateTime
2024-05-16T10:16:36.265Z In(05) vmx VMXSTATS: Registering 31 stats: vmx.checkpointStunTime
2024-05-16T10:16:36.265Z In(05) vmx VMXSTATS: Registering 32 stats: vmx.checkpointStunTime
2024-05-16T10:16:36.265Z In(05) vmx VMXSTATS: Registering 33 stats: vmx.setPolicyTime
2024-05-16T10:16:36.265Z In(05) vmx VMXSTATS: Registering 34 stats: vmx.setPolicyTime
2024-05-16T10:16:36.265Z In(05) vmx VMXSTATS: Registering 35 stats: vmx.filtlibApplyDiskConfigTime
2024-05-16T10:16:36.265Z In(05) vmx VMXSTATS: Registering 36 stats: vmx.filtlibApplyDiskConfigTime
2024-05-16T10:16:36.265Z In(05) vmx VMXSTATS: Registering 37 stats: vmx.diskLibGetInfoTime
2024-05-16T10:16:36.265Z In(05) vmx VMXSTATS: Registering 38 stats: vmx.diskLibGetInfoTime
2024-05-16T10:16:36.265Z In(05) vmx VMXSTATS: Registering 39 stats: vmx.diskLibDigestGetInfoTime
2024-05-16T10:16:36.265Z In(05) vmx VMXSTATS: Registering 40 stats: vmx.diskLibDigestGetInfoTime
2024-05-16T10:16:36.265Z In(05) vmx Powering on guestOS 'other24xlinux' using the configuration for 'other24xlinux'.
2024-05-16T10:16:36.265Z In(05) vmx ToolsISO: open of C:\Program Files (x86)\VMware\VMware Workstation\isoimages_manifest.txt.sig failed: Could not find the file
2024-05-16T10:16:36.265Z In(05) vmx ToolsISO: Unable to read signature file 'C:\Program Files (x86)\VMware\VMware Workstation\isoimages_manifest.txt.sig', ignoring.
2024-05-16T10:16:36.266Z In(05) vmx ToolsISO: Updated cached value for imageName to 'linuxPreGlibc25.iso'.
2024-05-16T10:16:36.266Z In(05) vmx ToolsISO: Selected Tools ISO 'linuxPreGlibc25.iso' for 'other24xlinux' guest.
2024-05-16T10:16:36.266Z In(05) vmx Vix: [mainDispatch.c:4212]: VMAutomation_ReportPowerOpFinished: statevar=1, newAppState=1873, success=1 additionalError=0
2024-05-16T10:16:36.266Z In(05) vmx DEVSWAP: GuestOS does not require LSI adapter swap.
2024-05-16T10:16:36.268Z In(05) vmx Monitor Mode: CPL0
2024-05-16T10:16:36.278Z In(05) vmx OvhdMem_PowerOn: initial admission: paged  1770039 nonpaged    35337 anonymous     4420
2024-05-16T10:16:36.278Z In(05) vmx VMMEM: Initial Reservation: 7069MB (MainMem=64MB)
2024-05-16T10:16:36.278Z In(05) vmx numa: Invalid NUMA cookie.
2024-05-16T10:16:36.278Z No(00) vmx ConfigDB: Setting numa.autosize.cookie = "10001"
2024-05-16T10:16:36.278Z No(00) vmx ConfigDB: Setting numa.autosize.vcpu.maxPerVirtualNode = "1"
2024-05-16T10:16:36.289Z In(05) vmx VMXSTATS: Registering 41 stats: vmx.configWriteMinMaxTime
2024-05-16T10:16:36.289Z In(05) vmx VMXSTATS: Registering 42 stats: vmx.configWriteAvgTime
2024-05-16T10:16:36.289Z In(05) vmx llc: maximum vcpus per LLC: 1
2024-05-16T10:16:36.289Z In(05) vmx llc: vLLC size: 1
2024-05-16T10:16:36.291Z In(05) vmx MemSched_PowerOn: balloon minGuestSize 6553 (80% of min required size 8192)
2024-05-16T10:16:36.291Z In(05) vmx MemSched: reserved mem (in MB) min 128 max 6159 recommended 6159
2024-05-16T10:16:36.291Z In(05) vmx MemSched: pg 1770039 np 35337 anon 4420 mem 16384
2024-05-16T10:16:36.485Z In(05) vmx MemSched: numvm 2 locked pages: num 379739 max 1560320
2024-05-16T10:16:36.485Z In(05) vmx MemSched: locked Page Limit: host 1628247 config 1576704
2024-05-16T10:16:36.485Z In(05) vmx MemSched: minmempct 50 minalloc 303389 admitted 1
2024-05-16T10:16:36.486Z In(05) PowerNotifyThread VTHREAD 15008 "PowerNotifyThread"
2024-05-16T10:16:36.486Z In(05) PowerNotifyThread PowerNotify thread is alive.
2024-05-16T10:16:36.486Z In(05) vmx VMXSTATS: Registering 43 stats: vmx.logBytesDropped
2024-05-16T10:16:36.486Z In(05) vmx VMXSTATS: Registering 44 stats: vmx.logMsgsDropped
2024-05-16T10:16:36.486Z In(05) vmx VMXSTATS: Registering 45 stats: vmx.logBytesLogged
2024-05-16T10:16:36.486Z In(05) vmx VMXSTATS: Registering 46 stats: vmx.logWriteMinMaxTime
2024-05-16T10:16:36.486Z In(05) vmx VMXSTATS: Registering 47 stats: vmx.logWriteAvgTime
2024-05-16T10:16:36.487Z In(05) vmx LICENSE using: 'HKEY_LOCAL_MACHINE\SOFTWARE\VMware, Inc.\VMware Workstation\Dormant\License.ws.17.0.e5.202208' 
2024-05-16T10:16:36.487Z In(05) vthread-11136 VTHREAD 11136 "vthread-11136"
2024-05-16T10:16:36.488Z In(05) vmx Win32U_GetFileAttributes: GetFileAttributesExW("C:\Users\Asus\Desktop\Kioptix Level 1\Kioptix Level 1.vmpl", ...) failed, error: 2
2024-05-16T10:16:36.488Z In(05) vmx PolicyVMXFindPolicyKey: policy file does not exist.
2024-05-16T10:16:36.488Z In(05) vmx Win32U_GetFileAttributes: GetFileAttributesExW("C:\Users\Asus\Desktop\Kioptix Level 1\Kioptix Level 1.vmpl", ...) failed, error: 2
2024-05-16T10:16:36.488Z In(05) vmx PolicyVMXFindPolicyKey: policy file does not exist.
2024-05-16T10:16:36.488Z In(05) vmx Host PA size: 39 bits. Guest PA size: 40 bits.
2024-05-16T10:16:36.489Z In(05) vmx ToolsISO: Refreshing imageName for 'other24xlinux' (refreshCount=1, lastCount=1).
2024-05-16T10:16:36.489Z In(05) vmx ToolsISO: open of C:\Program Files (x86)\VMware\VMware Workstation\isoimages_manifest.txt.sig failed: Could not find the file
2024-05-16T10:16:36.489Z In(05) vmx ToolsISO: Unable to read signature file 'C:\Program Files (x86)\VMware\VMware Workstation\isoimages_manifest.txt.sig', ignoring.
2024-05-16T10:16:36.490Z In(05) vmx ToolsISO: Updated cached value for imageName to 'linuxPreGlibc25.iso'.
2024-05-16T10:16:36.490Z In(05) vmx ToolsISO: Selected Tools ISO 'linuxPreGlibc25.iso' for 'other24xlinux' guest.
2024-05-16T10:16:36.490Z In(05) deviceThread VTHREAD 1468 "deviceThread"
2024-05-16T10:16:36.491Z In(05) vmx Host VT-x Capabilities:
2024-05-16T10:16:36.491Z In(05) vmx Basic VMX Information (0x03da050000000013)
2024-05-16T10:16:36.491Z In(05) vmx   VMCS revision ID                          19
2024-05-16T10:16:36.491Z In(05) vmx   VMCS region length                      1280
2024-05-16T10:16:36.491Z In(05) vmx   VMX physical-address width           natural
2024-05-16T10:16:36.491Z In(05) vmx   SMM dual-monitor mode                    yes
2024-05-16T10:16:36.491Z In(05) vmx   VMCS memory type                          WB
2024-05-16T10:16:36.491Z In(05) vmx   Advanced INS/OUTS info                   yes
2024-05-16T10:16:36.491Z In(05) vmx   True VMX MSRs                            yes
2024-05-16T10:16:36.491Z In(05) vmx   Exception Injection ignores error code   yes
2024-05-16T10:16:36.491Z In(05) vmx True Pin-Based VM-Execution Controls (0x000000ff00000016)
2024-05-16T10:16:36.491Z In(05) vmx   External-interrupt exiting               {0,1}
2024-05-16T10:16:36.491Z In(05) vmx   NMI exiting                              {0,1}
2024-05-16T10:16:36.491Z In(05) vmx   Virtual NMIs                             {0,1}
2024-05-16T10:16:36.491Z In(05) vmx   Activate VMX-preemption timer            {0,1}
2024-05-16T10:16:36.491Z In(05) vmx   Process posted interrupts                {0,1}
2024-05-16T10:16:36.491Z In(05) deviceThread Device thread is alive
2024-05-16T10:16:36.491Z In(05) vmx True Primary Processor-Based VM-Execution Controls (0xfffbfffe04006172)
2024-05-16T10:16:36.491Z In(05) vmx   Interrupt-window exiting                 {0,1}
2024-05-16T10:16:36.491Z In(05) vmx   Use TSC offsetting                       {0,1}
2024-05-16T10:16:36.491Z In(05) vmx   HLT exiting                              {0,1}
2024-05-16T10:16:36.491Z In(05) vmx   INVLPG exiting                           {0,1}
2024-05-16T10:16:36.491Z In(05) vmx   MWAIT exiting                            {0,1}
2024-05-16T10:16:36.491Z In(05) vmx   RDPMC exiting                            {0,1}
2024-05-16T10:16:36.491Z In(05) vmx   RDTSC exiting                            {0,1}
2024-05-16T10:16:36.491Z In(05) vmx   CR3-load exiting                         {0,1}
2024-05-16T10:16:36.491Z In(05) vmx   CR3-store exiting                        {0,1}
2024-05-16T10:16:36.491Z In(05) vmx   Activate tertiary controls               {0,1}
2024-05-16T10:16:36.491Z In(05) vmx   CR8-load exiting                         {0,1}
2024-05-16T10:16:36.491Z In(05) vmx   CR8-store exiting                        {0,1}
2024-05-16T10:16:36.491Z In(05) vmx   Use TPR shadow                           {0,1}
2024-05-16T10:16:36.491Z In(05) vmx   NMI-window exiting                       {0,1}
2024-05-16T10:16:36.491Z In(05) vmx   MOV-DR exiting                           {0,1}
2024-05-16T10:16:36.491Z In(05) vmx   Unconditional I/O exiting                {0,1}
2024-05-16T10:16:36.491Z In(05) vmx   Use I/O bitmaps                          {0,1}
2024-05-16T10:16:36.491Z In(05) vmx   Monitor trap flag                        {0,1}
2024-05-16T10:16:36.491Z In(05) vmx   Use MSR bitmaps                          {0,1}
2024-05-16T10:16:36.491Z In(05) vmx   MONITOR exiting                          {0,1}
2024-05-16T10:16:36.491Z In(05) vmx   PAUSE exiting                            {0,1}
2024-05-16T10:16:36.491Z In(05) vmx   Activate secondary controls              {0,1}
2024-05-16T10:16:36.491Z In(05) vmx Secondary Processor-Based VM-Execution Controls (0x075d7fff00000000)
2024-05-16T10:16:36.491Z In(05) vmx   Virtualize APIC accesses                 {0,1}
2024-05-16T10:16:36.491Z In(05) vmx   Enable EPT                               {0,1}
2024-05-16T10:16:36.491Z In(05) vmx   Descriptor-table exiting                 {0,1}
2024-05-16T10:16:36.491Z In(05) vmx   Enable RDTSCP                            {0,1}
2024-05-16T10:16:36.491Z In(05) vmx   Virtualize x2APIC mode                   {0,1}
2024-05-16T10:16:36.491Z In(05) vmx   Enable VPID                              {0,1}
2024-05-16T10:16:36.491Z In(05) vmx   WBINVD exiting                           {0,1}
2024-05-16T10:16:36.491Z In(05) vmx   Unrestricted guest                       {0,1}
2024-05-16T10:16:36.491Z In(05) vmx   APIC-register virtualization             {0,1}
2024-05-16T10:16:36.491Z In(05) vmx   Virtual-interrupt delivery               {0,1}
2024-05-16T10:16:36.491Z In(05) vmx   PAUSE-loop exiting                       {0,1}
2024-05-16T10:16:36.491Z In(05) vmx   RDRAND exiting                           {0,1}
2024-05-16T10:16:36.491Z In(05) vmx   Enable INVPCID                           {0,1}
2024-05-16T10:16:36.491Z In(05) vmx   Enable VM Functions                      {0,1}
2024-05-16T10:16:36.491Z In(05) vmx   Use VMCS shadowing                       {0,1}
2024-05-16T10:16:36.491Z In(05) vmx   ENCLS exiting                            { 0 }
2024-05-16T10:16:36.491Z In(05) vmx   RDSEED exiting                           {0,1}
2024-05-16T10:16:36.491Z In(05) vmx   Enable PML                               { 0 }
2024-05-16T10:16:36.491Z In(05) vmx   EPT-violation #VE                        {0,1}
2024-05-16T10:16:36.491Z In(05) vmx   Conceal VMX from PT                      {0,1}
2024-05-16T10:16:36.491Z In(05) vmx   Enable XSAVES/XRSTORS                    {0,1}
2024-05-16T10:16:36.491Z In(05) vmx   PASID translation                        { 0 }
2024-05-16T10:16:36.491Z In(05) vmx   Mode-based execute control for EPT       {0,1}
2024-05-16T10:16:36.491Z In(05) vmx   Sub-page write permissions for EPT       { 0 }
2024-05-16T10:16:36.491Z In(05) vmx   PT uses guest physical addresses         {0,1}
2024-05-16T10:16:36.491Z In(05) vmx   Use TSC scaling                          {0,1}
2024-05-16T10:16:36.491Z In(05) vmx   Enable UMWAIT and TPAUSE                 {0,1}
2024-05-16T10:16:36.491Z In(05) vmx   Enable ENCLV in VMX non-root mode        { 0 }
2024-05-16T10:16:36.491Z In(05) vmx   Enable EPC Virtualization Extensions     { 0 }
2024-05-16T10:16:36.491Z In(05) vmx   Bus lock exiting                         { 0 }
2024-05-16T10:16:36.491Z In(05) vmx   Notification VM exits                    { 0 }
2024-05-16T10:16:36.491Z In(05) vmx Tertiary Processor-Based VM-Execution Controls (0x0000000000000000)
2024-05-16T10:16:36.491Z In(05) vmx   LOADIWKEY exiting                          no
2024-05-16T10:16:36.491Z In(05) vmx   Enable HLAT                                no
2024-05-16T10:16:36.491Z In(05) vmx   Enable Paging-Write                        no
2024-05-16T10:16:36.491Z In(05) vmx   Enable Guest Paging Verification           no
2024-05-16T10:16:36.491Z In(05) vmx   Enable IPI Virtualization                  no
2024-05-16T10:16:36.491Z In(05) vmx   Enable Virtual MSR_SPEC_CTRL               no
2024-05-16T10:16:36.491Z In(05) vmx True VM-Exit Controls (0xf77fffff00036dfb)
2024-05-16T10:16:36.491Z In(05) vmx   Save debug controls                      {0,1}
2024-05-16T10:16:36.491Z In(05) vmx   Host address-space size                  {0,1}
2024-05-16T10:16:36.491Z In(05) vmx   Load IA32_PERF_GLOBAL_CTRL               {0,1}
2024-05-16T10:16:36.491Z In(05) vmx   Acknowledge interrupt on exit            {0,1}
2024-05-16T10:16:36.491Z In(05) vmx   Save IA32_PAT                            {0,1}
2024-05-16T10:16:36.491Z In(05) vmx   Load IA32_PAT                            {0,1}
2024-05-16T10:16:36.491Z In(05) vmx   Save IA32_EFER                           {0,1}
2024-05-16T10:16:36.491Z In(05) vmx   Load IA32_EFER                           {0,1}
2024-05-16T10:16:36.491Z In(05) vmx   Save VMX-preemption timer                {0,1}
2024-05-16T10:16:36.491Z In(05) vmx   Clear IA32_BNDCFGS                       { 0 }
2024-05-16T10:16:36.491Z In(05) vmx   Conceal VMX from processor trace         {0,1}
2024-05-16T10:16:36.491Z In(05) vmx   Clear IA32_RTIT MSR                      {0,1}
2024-05-16T10:16:36.491Z In(05) vmx   Clear IA32_LBR_CTL MSR                   {0,1}
2024-05-16T10:16:36.491Z In(05) vmx   Clear user-interrupt notification vector { 0 }
2024-05-16T10:16:36.491Z In(05) vmx   Load CET state                           {0,1}
2024-05-16T10:16:36.491Z In(05) vmx   Load PKRS                                {0,1}
2024-05-16T10:16:36.491Z In(05) vmx True VM-Entry Controls (0x0076ffff000011fb)
2024-05-16T10:16:36.491Z In(05) vmx   Load debug controls                      {0,1}
2024-05-16T10:16:36.491Z In(05) vmx   IA-32e mode guest                        {0,1}
2024-05-16T10:16:36.491Z In(05) vmx   Entry to SMM                             {0,1}
2024-05-16T10:16:36.491Z In(05) vmx   Deactivate dual-monitor mode             {0,1}
2024-05-16T10:16:36.491Z In(05) vmx   Load IA32_PERF_GLOBAL_CTRL               {0,1}
2024-05-16T10:16:36.491Z In(05) vmx   Load IA32_PAT                            {0,1}
2024-05-16T10:16:36.491Z In(05) vmx   Load IA32_EFER                           {0,1}
2024-05-16T10:16:36.491Z In(05) vmx   Load IA32_BNDCFGS                        { 0 }
2024-05-16T10:16:36.491Z In(05) vmx   Conceal VMX from processor trace         {0,1}
2024-05-16T10:16:36.491Z In(05) vmx   Load IA32_RTIT MSR                       {0,1}
2024-05-16T10:16:36.491Z In(05) vmx   Load user-interrupt notification vector  { 0 }
2024-05-16T10:16:36.491Z In(05) vmx   Load CET state                           {0,1}
2024-05-16T10:16:36.491Z In(05) vmx   Load IA32_LBR_CTL MSR                    {0,1}
2024-05-16T10:16:36.491Z In(05) vmx   Load PKRS                                {0,1}
2024-05-16T10:16:36.491Z In(05) vmx VPID and EPT Capabilities (0x00000f0106f34141)
2024-05-16T10:16:36.491Z In(05) vmx   R=0/W=0/X=1                               yes
2024-05-16T10:16:36.491Z In(05) vmx   Page-walk length 3                        yes
2024-05-16T10:16:36.491Z In(05) vmx   EPT memory type WB                        yes
2024-05-16T10:16:36.491Z In(05) vmx   2MB super-page                            yes
2024-05-16T10:16:36.491Z In(05) vmx   1GB super-page                            yes
2024-05-16T10:16:36.491Z In(05) vmx   INVEPT support                            yes
2024-05-16T10:16:36.491Z In(05) vmx   Access & Dirty Bits                       yes
2024-05-16T10:16:36.491Z In(05) vmx   Advanced VM exit information for EPT violations   yes
2024-05-16T10:16:36.491Z In(05) vmx   Supervisor shadow-stack control           yes
2024-05-16T10:16:36.491Z In(05) vmx   Type 1 INVEPT                             yes
2024-05-16T10:16:36.491Z In(05) vmx   Type 2 INVEPT                             yes
2024-05-16T10:16:36.491Z In(05) vmx   INVVPID support                           yes
2024-05-16T10:16:36.491Z In(05) vmx   Type 0 INVVPID                            yes
2024-05-16T10:16:36.491Z In(05) vmx   Type 1 INVVPID                            yes
2024-05-16T10:16:36.491Z In(05) vmx   Type 2 INVVPID                            yes
2024-05-16T10:16:36.491Z In(05) vmx   Type 3 INVVPID                            yes
2024-05-16T10:16:36.491Z In(05) vmx Miscellaneous VMX Data (0x000000007004c1e7)
2024-05-16T10:16:36.491Z In(05) vmx   TSC to preemption timer ratio      7
2024-05-16T10:16:36.491Z In(05) vmx   VM-Exit saves EFER.LMA           yes
2024-05-16T10:16:36.491Z In(05) vmx   Activity State HLT               yes
2024-05-16T10:16:36.491Z In(05) vmx   Activity State shutdown          yes
2024-05-16T10:16:36.491Z In(05) vmx   Activity State wait-for-SIPI     yes
2024-05-16T10:16:36.491Z In(05) vmx   Processor trace in VMX           yes
2024-05-16T10:16:36.491Z In(05) vmx   RDMSR SMBASE MSR in SMM          yes
2024-05-16T10:16:36.491Z In(05) vmx   CR3 targets supported              4
2024-05-16T10:16:36.491Z In(05) vmx   Maximum MSR list size            512
2024-05-16T10:16:36.491Z In(05) vmx   VMXOFF holdoff of SMIs           yes
2024-05-16T10:16:36.491Z In(05) vmx   Allow all VMWRITEs               yes
2024-05-16T10:16:36.491Z In(05) vmx   Allow zero instruction length    yes
2024-05-16T10:16:36.491Z In(05) vmx   MSEG revision ID                   0
2024-05-16T10:16:36.491Z In(05) vmx VMX-Fixed Bits in CR0 (0x0000000080000021/0x00000000ffffffff)
2024-05-16T10:16:36.491Z In(05) vmx   Fixed to 0        0xffffffff00000000
2024-05-16T10:16:36.491Z In(05) vmx   Fixed to 1        0x0000000080000021
2024-05-16T10:16:36.491Z In(05) vmx   Variable          0x000000007fffffde
2024-05-16T10:16:36.491Z In(05) vmx VMX-Fixed Bits in CR4 (0x0000000000002000/0x0000000001f76fff)
2024-05-16T10:16:36.491Z In(05) vmx   Fixed to 0        0xfffffffffe089000
2024-05-16T10:16:36.491Z In(05) vmx   Fixed to 1        0x0000000000002000
2024-05-16T10:16:36.491Z In(05) vmx   Variable          0x0000000001f74fff
2024-05-16T10:16:36.491Z In(05) vmx VMCS Enumeration (0x000000000000002e)
2024-05-16T10:16:36.491Z In(05) vmx   Highest index                   0x17
2024-05-16T10:16:36.491Z In(05) vmx VM Functions (0x0000000000000001)
2024-05-16T10:16:36.491Z In(05) vmx   Function  0 (EPTP-switching) supported.
2024-05-16T10:16:36.492Z In(05) vmx Monitor_PowerOn: HostedVSMP skew tracking is disabled
2024-05-16T10:16:36.492Z In(05) vmx vmm-modules: [vmm.vmm, vmce-none.vmm, viommu-none.vmm, vprobe-none.vmm, hv-vt.vmm, gphys-ept.vmm, callstack-none.vmm, !tdxSharedVMData=0x0, !vmSamples=0x0, !theIOSpace=0x40, !ttGPPerVcpu=0x6e00, {UseUnwind}=0x0, numVCPUsAsAddr=0x1, {SharedAreaReservations}=0x6e40, {rodataSize}=0x209c0, {textAddr}=0xfffffffffc000000, {textSize}=0x8e379, <MonSrcFile>]
2024-05-16T10:16:36.492Z In(05) vmx vmm-vcpus:   1
2024-05-16T10:16:36.515Z In(05) vmx KHZEstimate 2496001
2024-05-16T10:16:36.515Z In(05) vmx MHZEstimate 2496
2024-05-16T10:16:36.515Z In(05) vmx NumVCPUs 1
2024-05-16T10:16:36.528Z In(05) vmx Msg_Question:
2024-05-16T10:16:36.528Z In(05) vmx [msg.uuid.altered] This virtual machine might have been moved or copied.
2024-05-16T10:16:36.528Z In(05)+ vmx In order to configure certain management and networking features, VMware Workstation needs to know if this virtual machine was moved or copied. 
2024-05-16T10:16:36.528Z In(05)+ vmx 
2024-05-16T10:16:36.528Z In(05)+ vmx If you don't know, answer "I Co_pied It".
2024-05-16T10:16:36.528Z In(05)+ vmx 
2024-05-16T10:16:36.528Z In(05) vmx ----------------------------------------
2024-05-16T10:21:43.701Z In(05) vmx MsgQuestion: msg.uuid.altered reply=0
2024-05-16T10:21:43.701Z In(05) vmx Module 'UUIDVMX' power on failed.
2024-05-16T10:21:43.701Z In(05) vmx VMX_PowerOn: ModuleTable_PowerOn = 0
2024-05-16T10:21:43.702Z In(05) deviceThread Device thread is exiting
2024-05-16T10:21:43.702Z In(05) vmx Vix: [mainDispatch.c:1171]: VMAutomationPowerOff: Powering off.
2024-05-16T10:21:43.712Z In(05) vmx Win32U_GetFileAttributes: GetFileAttributesExW("C:\Users\Asus\Desktop\Kioptix Level 1\Kioptix Level 1.vmpl", ...) failed, error: 2
2024-05-16T10:21:43.712Z In(05) vmx Policy_SavePolicyFile: invalid arguments to function.
2024-05-16T10:21:43.712Z In(05) vmx PolicyVMX_Exit: Could not write out policies: 15.
2024-05-16T10:21:43.712Z In(05) vmx WORKER: asyncOps=0 maxActiveOps=0 maxPending=0 maxCompleted=0
2024-05-16T10:21:43.715Z In(05) PowerNotifyThread PowerNotify thread exiting.
2024-05-16T10:21:43.724Z In(05) vmx Vix: [mainDispatch.c:4212]: VMAutomation_ReportPowerOpFinished: statevar=1, newAppState=1873, success=1 additionalError=0
2024-05-16T10:21:43.724Z In(05) vmx VMXSTATS: Ready to cleanup and munmap 1BC27F10000.
2024-05-16T10:21:43.725Z In(05) vmx 
2024-05-16T10:21:43.725Z In(05)+ vmx Power on failure messages: Failed to start the virtual machine.
2024-05-16T10:21:43.725Z In(05)+ vmx 
2024-05-16T10:21:43.728Z In(05) vmx Vix: [mainDispatch.c:4212]: VMAutomation_ReportPowerOpFinished: statevar=0, newAppState=1870, success=1 additionalError=0
2024-05-16T10:21:43.728Z In(05) vmx Transitioned vmx/execState/val to poweredOff
2024-05-16T10:21:43.728Z In(05) vmx Vix: [mainDispatch.c:4212]: VMAutomation_ReportPowerOpFinished: statevar=0, newAppState=1870, success=0 additionalError=0
2024-05-16T10:21:43.729Z In(05) vmx Vix: [mainDispatch.c:4250]: Error VIX_E_FAIL in VMAutomation_ReportPowerOpFinished(): Unknown error
2024-05-16T10:21:43.730Z In(05) vmx Vix: [mainDispatch.c:4212]: VMAutomation_ReportPowerOpFinished: statevar=0, newAppState=1870, success=1 additionalError=0
2024-05-16T10:21:43.730Z In(05) vmx Transitioned vmx/execState/val to poweredOff
2024-05-16T10:21:43.731Z In(05) vmx WQPoolFreePoll : pollIx = 3, signalHandle = 1092
2024-05-16T10:21:43.732Z In(05) vmx Vix: [mainDispatch.c:817]: VMAutomation_LateShutdown()
2024-05-16T10:21:43.732Z In(05) vmx Vix: [mainDispatch.c:772]: VMAutomationCloseListenerSocket. Closing listener socket.
2024-05-16T10:21:43.732Z In(05) vmx Flushing VMX VMDB connections
2024-05-16T10:21:43.740Z In(05) vmx VmdbDbRemoveCnx: Removing Cnx from Db for '/db/connection/#1/'
2024-05-16T10:21:43.741Z In(05) vmx VmdbCnxDisconnect: Disconnect: closed pipe for pub cnx '/db/connection/#1/' (0)
2024-05-16T10:21:43.745Z In(05) vmx VigorTransport_ServerDestroy: server destroyed.
2024-05-16T10:21:43.745Z In(05) vmx WQPoolFreePoll : pollIx = 2, signalHandle = 768
2024-05-16T10:21:43.745Z In(05) vmx WQPoolFreePoll : pollIx = 1, signalHandle = 776
2024-05-16T10:21:43.752Z In(05) vmx VMX exit (0).
2024-05-16T10:21:43.752Z In(05) vmx OBJLIB-LIB: ObjLib cleanup done.
